Arguments: 
  C:\Program Files\nodejs\node.exe C:\Users\ardaa\AppData\Local\pnpm\global\5\node_modules\yarn\bin\yarn.js

PATH: 
  C:\Program Files\PowerShell\7;C:\VulkanSDK\1.3.261.1\Bin;C:\Program Files\Microsoft\jdk-11.0.16.101-hotspot\bin;C:\Program Files (x86)\Common Files\Oracle\Java\javapath;C:\VulkanSDK\1.3.246.0\Bin;C:\Program Files\Eclipse Adoptium\jdk-17.0.6.10-hotspot\bin;C:\Program Files\Alacritty\;C:\Windows\system32;C:\Windows;C:\Windows\System32\Wbem;C:\Windows\System32\WindowsPowerShell\v1.0\;C:\Windows\System32\OpenSSH\;C:\ProgramData\chocolatey\bin;C:\Program Files (x86)\NVIDIA Corporation\PhysX\Common;C:\Program Files\NVIDIA Corporation\NVIDIA NvDLISR;C:\Program Files\Microsoft VS Code\bin;C:\Program Files\Microsoft SQL Server\150\Tools\Binn\;C:\Program Files\Microsoft SQL Server\Client SDK\ODBC\170\Tools\Binn\;C:\Program Files\LLVM\bin;C:\Program Files\Docker\Docker\resources\bin;C:\Program Files\Git\cmd;C:\Users\ardaa\AppData\Roaming\nvm;C:\Program Files\nodejs;C:\Program Files\PowerShell\7\;C:\Program Files\dotnet\;C:\Program Files\Cloudflare\Cloudflare WARP\;C:\Program Files (x86)\Windows Kits\10\Windows Performance Toolkit\;C:\WINDOWS\system32;C:\WINDOWS;C:\WINDOWS\System32\Wbem;C:\WINDOWS\System32\WindowsPowerShell\v1.0\;C:\WINDOWS\System32\OpenSSH\;C:\Users\ardaa\AppData\Local\pnpm;C:\Users\ardaa\go\bin;C:\Users\ardaa\scoop\apps\python\current\Scripts;C:\Users\ardaa\scoop\apps\python\current;C:\Users\ardaa\scoop\apps\nodejs\current\bin;C:\Users\ardaa\scoop\apps\nodejs\current;C:\Users\ardaa\scoop\apps\mingw\current\bin;C:\Users\ardaa\.rustup;bin;C:\Users\ardaa\scoop\apps\msys2\current\mingw64\bin;C:\Program Files\MySQL\MySQL Shell 8.0\bin\;C:\Users\ardaa\AppData\Local\Android\Sdk\platform-tools;C:\Program Files\Emacs\emacs-28.2\bin;C:\Users\ardaa\scoop\shims;C:\Users\ardaa\AppData\Local\Microsoft\WindowsApps;C:\Users\ardaa\.dotnet\tools;C:\Users\ardaa\AppData\Local\JetBrains\Toolbox\scripts;C:\Users\ardaa\AppData\Local\Android\Sdk\cmdline-tools\latest\bin;C:\flutter\bin;C:\Users\ardaa\AppData\Local\Android\Sdk;C:\Users\ardaa\.cargo\bin;C:\tools\neovim\nvim-win64\bin;C:\Users\ardaa\AppData\Roaming\nvm;C:\Program Files\nodejs;C:\Users\ardaa\.dotnet\tools;C:\tools;C:\Users\ardaa\AppData\Local\Google\Cloud SDK\google-cloud-sdk\bin;C:\Users\ardaa\AppData\Local\Microsoft\WindowsApps;

Yarn version: 
  1.22.19

Node version: 
  20.0.0

Platform: 
  win32 x64

Trace: 
  Error: ENOENT: no such file or directory, copyfile 'C:\Users\ardaa\AppData\Local\Yarn\Cache\v6\npm-supports-color-7.2.0-1b7dcdcb32b8138801b3e478ba6a51caa89648da-integrity\node_modules\supports-color\license' -> 'C:\Users\ardaa\Projects\the-d-manager-extension\node_modules\ts-loader\node_modules\supports-color\license'

npm manifest: 
  {
    "name": "the-download-manager-extension",
    "version": "0.1.0",
    "description": "My Chrome Extension",
    "private": true,
    "scripts": {
      "watch": "node ./node_modules/webpack/bin/webpack.js --mode=development --watch --config config/webpack.config.js",
      "build": "node ./node_modules/webpack/bin/webpack.js --mode=production --config config/webpack.config.js"
    },
    "devDependencies": {
      "@types/chrome": "^0.0.241",
      "copy-webpack-plugin": "^6.4.1",
      "crx3": "^1.1.3",
      "css-loader": "^6.8.1",
      "file-loader": "^6.2.0",
      "mini-css-extract-plugin": "^0.10.1",
      "size-plugin": "^2.0.2",
      "ts-loader": "^9.4.4",
      "typescript": "^5.1.6",
      "webpack": "^5.88.2",
      "webpack-cli": "^4.10.0",
      "webpack-merge": "^5.9.0"
    },
    "dependencies": {
      "@types/cors": "^2.8.13",
      "@types/express": "^4.17.17",
      "axios": "^1.5.0",
      "cors": "^2.8.5",
      "express": "^4.18.2",
      "node-polyfill-webpack-plugin": "^2.0.1"
    }
  }

yarn manifest: 
  No manifest

Lockfile: 
  No lockfile
